2022-01-10T20:34:11.012000Z LOG pgloader version "3.6.3~devel"
2022-01-10T20:34:11.069000Z LOG Migrating from #<MYSQL-CONNECTION mysql://root@mysqldb:3306/perma {1006A28FD3}>
2022-01-10T20:34:11.069000Z LOG Migrating into #<PGSQL-CONNECTION pgsql://perma@db:5432/perma {1006A2A433}>
2022-01-10T20:34:11.335000Z WARNING PostgreSQL warning: constraint "auth_group_permissions_group_id_b120cbf9_fk_auth_group_id" of relation "auth_group_permissions" does not exist, skipping
2022-01-10T20:34:11.339000Z WARNING PostgreSQL warning: constraint "auth_group_permissio_permission_id_84c5c92e_fk_auth_perm" of relation "auth_group_permissions" does not exist, skipping
2022-01-10T20:34:11.343000Z WARNING PostgreSQL warning: constraint "django_admin_log_content_type_id_c4bce8eb_fk_django_co" of relation "django_admin_log" does not exist, skipping
2022-01-10T20:34:11.344000Z WARNING PostgreSQL warning: constraint "auth_permission_content_type_id_2f476e4b_fk_django_co" of relation "auth_permission" does not exist, skipping
2022-01-10T20:34:11.352000Z WARNING PostgreSQL warning: constraint "perma_folder_parent_id_8cba8e95_fk_perma_folder_id" of relation "perma_folder" does not exist, skipping
2022-01-10T20:34:11.357000Z WARNING PostgreSQL warning: constraint "perma_genericstringt_content_type_id_7808e6af_fk_django_co" of relation "perma_genericstringtaggeditem" does not exist, skipping
2022-01-10T20:34:11.363000Z WARNING PostgreSQL warning: constraint "perma_link_replacement_link_id_bfb95319_fk_perma_link_guid" of relation "perma_link" does not exist, skipping
2022-01-10T20:34:11.364000Z WARNING PostgreSQL warning: constraint "perma_capture_link_id_bfbd27e1_fk_perma_link_guid" of relation "perma_capture" does not exist, skipping
2022-01-10T20:34:11.365000Z WARNING PostgreSQL warning: constraint "perma_capturejob_link_id_2afe3fea_fk_perma_link_guid" of relation "perma_capturejob" does not exist, skipping
2022-01-10T20:34:11.366000Z WARNING PostgreSQL warning: constraint "perma_linkbatch_target_folder_id_8b403a0c_fk_perma_folder_id" of relation "perma_linkbatch" does not exist, skipping
2022-01-10T20:34:11.367000Z WARNING PostgreSQL warning: constraint "perma_capturejob_link_batch_id_376ac3f7_fk_perma_linkbatch_id" of relation "perma_capturejob" does not exist, skipping
2022-01-10T20:34:11.368000Z WARNING PostgreSQL warning: constraint "perma_linkuser_sponsored_root_folde_4c6dce20_fk_perma_fol" of relation "perma_linkuser" does not exist, skipping
2022-01-10T20:34:11.369000Z WARNING PostgreSQL warning: constraint "perma_linkuser_root_folder_id_84acaf60_fk_perma_folder_id" of relation "perma_linkuser" does not exist, skipping
2022-01-10T20:34:11.371000Z WARNING PostgreSQL warning: constraint "perma_folder_created_by_id_52c849a7_fk_perma_linkuser_id" of relation "perma_folder" does not exist, skipping
2022-01-10T20:34:11.372000Z WARNING PostgreSQL warning: constraint "perma_folder_owned_by_id_fabda8d2_fk_perma_linkuser_id" of relation "perma_folder" does not exist, skipping
2022-01-10T20:34:11.372000Z WARNING PostgreSQL warning: constraint "perma_apikey_user_id_9a2e60cd_fk_perma_linkuser_id" of relation "perma_apikey" does not exist, skipping
2022-01-10T20:34:11.372000Z WARNING PostgreSQL warning: constraint "perma_link_created_by_id_95ce1ebe_fk_perma_linkuser_id" of relation "perma_link" does not exist, skipping
2022-01-10T20:34:11.373000Z WARNING PostgreSQL warning: constraint "perma_linkbatch_created_by_id_f5908521_fk_perma_linkuser_id" of relation "perma_linkbatch" does not exist, skipping
2022-01-10T20:34:11.373000Z WARNING PostgreSQL warning: constraint "perma_capturejob_created_by_id_28ab42a6_fk_perma_linkuser_id" of relation "perma_capturejob" does not exist, skipping
2022-01-10T20:34:11.376000Z WARNING PostgreSQL warning: constraint "perma_historicalorga_history_user_id_227b3d3b_fk_perma_lin" of relation "perma_historicalorganization" does not exist, skipping
2022-01-10T20:34:11.376000Z WARNING PostgreSQL warning: constraint "perma_historicallink_history_user_id_98f8158a_fk_perma_lin" of relation "perma_historicallinkuser" does not exist, skipping
2022-01-10T20:34:11.377000Z WARNING PostgreSQL warning: constraint "perma_historicalregi_history_user_id_8ab6540c_fk_perma_lin" of relation "perma_historicalregistrar" does not exist, skipping
2022-01-10T20:34:11.378000Z WARNING PostgreSQL warning: constraint "django_admin_log_user_id_c564eba6_fk_perma_linkuser_id" of relation "django_admin_log" does not exist, skipping
2022-01-10T20:34:11.381000Z WARNING PostgreSQL warning: constraint "perma_linkuser_organ_linkuser_id_265dbc86_fk_perma_lin" of relation "perma_linkuser_organizations" does not exist, skipping
2022-01-10T20:34:11.383000Z WARNING PostgreSQL warning: constraint "perma_link_folders_link_id_202bf738_fk_perma_link_guid" of relation "perma_link_folders" does not exist, skipping
2022-01-10T20:34:11.384000Z WARNING PostgreSQL warning: constraint "perma_link_folders_folder_id_d047e1b1_fk_perma_folder_id" of relation "perma_link_folders" does not exist, skipping
2022-01-10T20:34:11.386000Z WARNING PostgreSQL warning: constraint "perma_organization_shared_folder_id_a5ab9036_fk_perma_folder_id" of relation "perma_organization" does not exist, skipping
2022-01-10T20:34:11.386000Z WARNING PostgreSQL warning: constraint "perma_linkuser_organ_organization_id_b2be4a6c_fk_perma_org" of relation "perma_linkuser_organizations" does not exist, skipping
2022-01-10T20:34:11.387000Z WARNING PostgreSQL warning: constraint "perma_folder_organization_id_68f9c12f_fk_perma_organization_id" of relation "perma_folder" does not exist, skipping
2022-01-10T20:34:11.388000Z WARNING PostgreSQL warning: constraint "perma_link_organization_id_6ef8f08f_fk_perma_organization_id" of relation "perma_link" does not exist, skipping
2022-01-10T20:34:11.388000Z WARNING PostgreSQL warning: constraint "perma_organization_registrar_id_08ce345c_fk_perma_registrar_id" of relation "perma_organization" does not exist, skipping
2022-01-10T20:34:11.389000Z WARNING PostgreSQL warning: constraint "perma_linkuser_pending_registrar_id_19eab8c4_fk_perma_reg" of relation "perma_linkuser" does not exist, skipping
2022-01-10T20:34:11.390000Z WARNING PostgreSQL warning: constraint "perma_linkuser_registrar_id_bb68693b_fk_perma_registrar_id" of relation "perma_linkuser" does not exist, skipping
2022-01-10T20:34:11.392000Z WARNING PostgreSQL warning: constraint "perma_folder_sponsored_by_id_0328a0ef_fk_perma_registrar_id" of relation "perma_folder" does not exist, skipping
2022-01-10T20:34:11.393000Z WARNING PostgreSQL warning: constraint "perma_sponsorship_created_by_id_837d3014_fk_perma_linkuser_id" of relation "perma_sponsorship" does not exist, skipping
2022-01-10T20:34:11.393000Z WARNING PostgreSQL warning: constraint "perma_sponsorship_registrar_id_99baf64f_fk_perma_registrar_id" of relation "perma_sponsorship" does not exist, skipping
2022-01-10T20:34:11.394000Z WARNING PostgreSQL warning: constraint "perma_sponsorship_user_id_a83fd48c_fk_perma_linkuser_id" of relation "perma_sponsorship" does not exist, skipping
2022-01-10T20:34:11.395000Z WARNING PostgreSQL warning: constraint "perma_uncaughterror_resolved_by_user_id_c2a9e2f1_fk_perma_lin" of relation "perma_uncaughterror" does not exist, skipping
2022-01-10T20:34:11.396000Z WARNING PostgreSQL warning: constraint "perma_uncaughterror_user_id_9ad05708_fk_perma_linkuser_id" of relation "perma_uncaughterror" does not exist, skipping
2022-01-10T20:34:11.398000Z WARNING PostgreSQL warning: constraint "perma_genericstringtaggeditem_tag_id_859dfb15_fk_taggit_tag_id" of relation "perma_genericstringtaggeditem" does not exist, skipping
2022-01-10T20:34:11.399000Z WARNING PostgreSQL warning: constraint "taggit_taggeditem_content_type_id_9957a03c_fk_django_co" of relation "taggit_taggeditem" does not exist, skipping
2022-01-10T20:34:11.400000Z WARNING PostgreSQL warning: constraint "taggit_taggeditem_tag_id_f4f5b767_fk_taggit_tag_id" of relation "taggit_taggeditem" does not exist, skipping
2022-01-10T20:46:59.620000Z ERROR PostgreSQL Database error 23503: insert or update on table "perma_historicalorganization" violates foreign key constraint "perma_historicalorga_history_user_id_227b3d3b_fk_perma_lin"
DETAIL: Key (history_user_id)=(7918) is not present in table "perma_linkuser".
QUERY: ALTER TABLE "perma"."perma_historicalorganization" ADD CONSTRAINT "perma_historicalorga_history_user_id_227b3d3b_fk_perma_lin" FOREIGN KEY (history_user_id) REFERENCES perma_linkuser(id) DEFERRABLE INITIALLY DEFERRED
2022-01-10T20:46:59.621000Z ERROR PostgreSQL Database error 23503: insert or update on table "perma_historicalregistrar" violates foreign key constraint "perma_historicalregi_history_user_id_8ab6540c_fk_perma_lin"
DETAIL: Key (history_user_id)=(7918) is not present in table "perma_linkuser".
QUERY: ALTER TABLE "perma"."perma_historicalregistrar" ADD CONSTRAINT "perma_historicalregi_history_user_id_8ab6540c_fk_perma_lin" FOREIGN KEY (history_user_id) REFERENCES perma_linkuser(id) DEFERRABLE INITIALLY DEFERRED
2022-01-10T20:47:17.122000Z LOG report summary reset
                         table name     errors       rows      bytes      total time
-----------------------------------  ---------  ---------  ---------  --------------
                    fetch meta data          0         63                     0.132s
                  Drop Foreign Keys          0         85                     0.072s
                           Truncate          0         31                     0.237s
-----------------------------------  ---------  ---------  ---------  --------------
                perma.perma_capture          0    5735284   638.5 MB       3m54.263s
               perma.django_session          0    2954921   958.2 MB       2m49.293s
           perma.perma_link_folders          0    2271629    51.0 MB       1m31.213s
     perma.perma_historicallinkuser          0    2954328   749.8 MB       3m39.550s
                   perma.perma_link          0    2263858   830.9 MB        3m9.608s
             perma.perma_capturejob          0    2033842   360.6 MB       1m44.655s
            perma.perma_minutestats          0    2269812    76.9 MB       1m25.429s
    perma.perma_historicalregistrar          0    1954052   509.1 MB        2m8.913s
          perma.perma_uncaughterror          0     819810   929.4 MB        2m2.629s
 perma.perma_historicalorganization          0    1790965   185.5 MB         51.071s
               perma.perma_linkuser          0      55266    11.1 MB          2.510s
perma.perma_genericstringtaggeditem          0      18374   348.0 kB          0.762s
              perma.perma_linkbatch          0      16603   716.9 kB          0.585s
           perma.perma_organization          0       2247   151.8 kB          0.173s
                 perma.perma_apikey          0        630    43.4 kB          0.114s
            perma.taggit_taggeditem          0        197     2.1 kB          0.144s
          perma.django_content_type          0         44     0.9 kB          0.162s
                   perma.taggit_tag          0         23     0.6 kB          0.153s
                perma.lockss_mirror          0          4     0.4 kB          0.153s
           perma.axes_accessattempt          0          1     0.5 kB          0.179s
                 perma.perma_folder          0      95644     8.5 MB          2.308s
 perma.perma_linkuser_organizations          0      19825   302.7 kB          0.408s
               perma.axes_accesslog          0      17502     5.3 MB          1.100s
             perma.django_admin_log          0       3599   307.8 kB          0.164s
              perma.perma_registrar          0        684   147.7 kB          0.050s
              perma.perma_weekstats          0        343    18.9 kB          0.098s
              perma.auth_permission          0        162     7.1 kB          0.039s
            perma.perma_sponsorship          0         35     2.7 kB          0.036s
                   perma.auth_group          0          4     0.1 kB          0.037s
       perma.auth_group_permissions          0          0                     0.027s
                  perma.django_site          0          1     0.0 kB          0.021s
-----------------------------------  ---------  ---------  ---------  --------------
            COPY Threads Completion          0          4                 11m58.389s
                    Reset Sequences          0         29                     0.187s
                Create Foreign Keys          2         40                   1m6.678s
                   Install Comments          0          0                     0.000s
-----------------------------------  ---------  ---------  ---------  --------------
                  Total import time          ?   25279689     5.2 GB       13m5.254s
